


ARM Macro Assembler    Page 1 


    1 00000000                 AREA             ALP1, CODE, READONLY
    2 00000000                 EXPORT           start1
    3 00000000         start1
    4 00000000 F04F 0212       MOV              R2,#0x12
    5 00000004 F04F 0311       MOV              R3, #0x11
    6 00000008 FB03 F402       MUL              R4, R3, R2
    7 0000000C E7FE    stop    B                stop
    8 0000000E                 END
Command Line: --debug --xref --cpu=Cortex-M3 --apcs=interwork --depend=.\progra
m1.d -o.\program1.o -IC:\Keil\ARM\RV31\INC -IC:\Keil\ARM\CMSIS\Include -IC:\Kei
l\ARM\Inc\NXP\LPC17xx --predefine="__EVAL SETA 1" --list=.\program1.lst program
1.s



ARM Macro Assembler    Page 1 Alphabetic symbol ordering
Relocatable symbols

ALP1 00000000

Symbol: ALP1
   Definitions
      At line 1 in file program1.s
   Uses
      None
Comment: ALP1 unused
start1 00000000

Symbol: start1
   Definitions
      At line 3 in file program1.s
   Uses
      At line 2 in file program1.s
Comment: start1 used once
stop 0000000C

Symbol: stop
   Definitions
      At line 7 in file program1.s
   Uses
      At line 7 in file program1.s
Comment: stop used once
3 symbols
334 symbols in table
