


ARM Macro Assembler    Page 1 


    1 00000000                 AREA             ALP5,CODE,READONLY
    2 00000000                 EXPORT           start1
    3 00000000         start1
    4 00000000 4805            LDR              R0,=0x10000005
    5 00000002 C81E            LDMIA            R0!,{R1-R4}
    6 00000004 185B            ADDS             R3,R3,R1
    7 00000006 4154            ADCS             R4,R4,R2
    8 00000008 F04F 0500       MOV              R5,#0
    9 0000000C BF28 3501       ADDCS            R5,#1
   10 00000010 E880 0038       STMIA            R0,{R3,R4,R5}
   11 00000014 E7FE    STOP    B                STOP
   12 00000016                 END
              00 00 10000005 
Command Line: --debug --xref --cpu=Cortex-M3 --apcs=interwork --depend=.\progra
m5.d -o.\program5.o -IC:\Keil\ARM\RV31\INC -IC:\Keil\ARM\CMSIS\Include -IC:\Kei
l\ARM\Inc\NXP\LPC17xx --predefine="__EVAL SETA 1" --list=.\program5.lst program
5.s



ARM Macro Assembler    Page 1 Alphabetic symbol ordering
Relocatable symbols

ALP5 00000000

Symbol: ALP5
   Definitions
      At line 1 in file program5.s
   Uses
      None
Comment: ALP5 unused
STOP 00000014

Symbol: STOP
   Definitions
      At line 11 in file program5.s
   Uses
      At line 11 in file program5.s
Comment: STOP used once
start1 00000000

Symbol: start1
   Definitions
      At line 3 in file program5.s
   Uses
      At line 2 in file program5.s
Comment: start1 used once
3 symbols
336 symbols in table
