


ARM Macro Assembler    Page 1 


    1 00000000         
    2 00000000         ; program find factorial of a number.
    3 00000000                 AREA             ALP3 , CODE , READONLY
    4 00000000                 export           start1
    5 00000000         start1
    6 00000000 F04F 0005       mov              r0 , #5
    7 00000004 F04F 0101       mov              r1 , #1
    8 00000008         loop
    9 00000008 FB01 F100       mul              r1 , r1 , r0
   10 0000000C 1E40            subs             r0 , r0 , #1
   11 0000000E D1FB            BNE              loop
   12 00000010 E7FE    stop    b                stop
   13 00000012                 end
Command Line: --debug --xref --cpu=Cortex-M3 --apcs=interwork --depend=.\progra
m3.d -o.\program3.o -IC:\Keil\ARM\RV31\INC -IC:\Keil\ARM\CMSIS\Include -IC:\Kei
l\ARM\Inc\NXP\LPC17xx --predefine="__EVAL SETA 1" --list=.\program3.lst program
3.s



ARM Macro Assembler    Page 1 Alphabetic symbol ordering
Relocatable symbols

ALP3 00000000

Symbol: ALP3
   Definitions
      At line 3 in file program3.s
   Uses
      None
Comment: ALP3 unused
loop 00000008

Symbol: loop
   Definitions
      At line 8 in file program3.s
   Uses
      At line 11 in file program3.s
Comment: loop used once
start1 00000000

Symbol: start1
   Definitions
      At line 5 in file program3.s
   Uses
      At line 4 in file program3.s
Comment: start1 used once
stop 00000010

Symbol: stop
   Definitions
      At line 12 in file program3.s
   Uses
      At line 12 in file program3.s
Comment: stop used once
4 symbols
335 symbols in table
