


ARM Macro Assembler    Page 1 


    1 00000000                 AREA             ALP2 , CODE , READONLY ;program
                                                             to find the sum fi
                                                            rst 10 integer numb
                                                            ers
    2 00000000                 EXPORT           start1
    3 00000000         start1
    4 00000000 F04F 000A       mov              R0 , #10
    5 00000004 F04F 0100       mov              R1 , #00
    6 00000008         loop
    7 00000008 4401            add              r1 , r1 , r0
    8 0000000A 1E40            subs             r0 , r0 , #1
    9 0000000C D1FC            BNE              loop
   10 0000000E E7FE    stop    b                stop
   11 00000010                 end
Command Line: --debug --xref --cpu=Cortex-M3 --apcs=interwork --depend=.\progra
m2.d -o.\program2.o -IC:\Keil\ARM\RV31\INC -IC:\Keil\ARM\CMSIS\Include -IC:\Kei
l\ARM\Inc\NXP\LPC17xx --predefine="__EVAL SETA 1" --list=.\program2.lst program
2.s



ARM Macro Assembler    Page 1 Alphabetic symbol ordering
Relocatable symbols

ALP2 00000000

Symbol: ALP2
   Definitions
      At line 1 in file program2.s
   Uses
      None
Comment: ALP2 unused
loop 00000008

Symbol: loop
   Definitions
      At line 6 in file program2.s
   Uses
      At line 9 in file program2.s
Comment: loop used once
start1 00000000

Symbol: start1
   Definitions
      At line 3 in file program2.s
   Uses
      At line 2 in file program2.s
Comment: start1 used once
stop 0000000E

Symbol: stop
   Definitions
      At line 10 in file program2.s
   Uses
      At line 10 in file program2.s
Comment: stop used once
4 symbols
335 symbols in table
